Performing C SOURCE FILE Test CMAKE_HAVE_LIBC_PTHREAD failed with the following output:
Change Dir: /home/jebeom/catkin_ws/build/CMakeFiles/CMakeTmp

Run Build Command(s):/usr/bin/make cmTC_5dcae/fast && /usr/bin/make -f CMakeFiles/cmTC_5dcae.dir/build.make CMakeFiles/cmTC_5dcae.dir/build
make[1]: Entering directory '/home/jebeom/catkin_ws/build/CMakeFiles/CMakeTmp'
Building C object CMakeFiles/cmTC_5dcae.dir/src.c.o
/usr/bin/cc   -DCMAKE_HAVE_LIBC_PTHREAD   -o CMakeFiles/cmTC_5dcae.dir/src.c.o   -c /home/jebeom/catkin_ws/build/CMakeFiles/CMakeTmp/src.c
Linking C executable cmTC_5dcae
/usr/bin/cmake -E cmake_link_script CMakeFiles/cmTC_5dcae.dir/link.txt --verbose=1
/usr/bin/cc  -DCMAKE_HAVE_LIBC_PTHREAD    -rdynamic CMakeFiles/cmTC_5dcae.dir/src.c.o  -o cmTC_5dcae 
/usr/bin/ld: CMakeFiles/cmTC_5dcae.dir/src.c.o: in function `main':
src.c:(.text+0x46): undefined reference to `pthread_create'
/usr/bin/ld: src.c:(.text+0x52): undefined reference to `pthread_detach'
/usr/bin/ld: src.c:(.text+0x63): undefined reference to `pthread_join'
collect2: error: ld returned 1 exit status
make[1]: *** [CMakeFiles/cmTC_5dcae.dir/build.make:87: cmTC_5dcae] Error 1
make[1]: Leaving directory '/home/jebeom/catkin_ws/build/CMakeFiles/CMakeTmp'
make: *** [Makefile:121: cmTC_5dcae/fast] Error 2


Source file was:
#include <pthread.h>

void* test_func(void* data)
{
  return data;
}

int main(void)
{
  pthread_t thread;
  pthread_create(&thread, NULL, test_func, NULL);
  pthread_detach(thread);
  pthread_join(thread, NULL);
  pthread_atfork(NULL, NULL, NULL);
  pthread_exit(NULL);

  return 0;
}

Determining if the function pthread_create exists in the pthreads failed with the following output:
Change Dir: /home/jebeom/catkin_ws/build/CMakeFiles/CMakeTmp

Run Build Command(s):/usr/bin/make cmTC_116e1/fast && /usr/bin/make -f CMakeFiles/cmTC_116e1.dir/build.make CMakeFiles/cmTC_116e1.dir/build
make[1]: Entering directory '/home/jebeom/catkin_ws/build/CMakeFiles/CMakeTmp'
Building C object CMakeFiles/cmTC_116e1.dir/CheckFunctionExists.c.o
/usr/bin/cc   -DCHECK_FUNCTION_EXISTS=pthread_create   -o CMakeFiles/cmTC_116e1.dir/CheckFunctionExists.c.o   -c /usr/share/cmake-3.16/Modules/CheckFunctionExists.c
Linking C executable cmTC_116e1
/usr/bin/cmake -E cmake_link_script CMakeFiles/cmTC_116e1.dir/link.txt --verbose=1
/usr/bin/cc  -DCHECK_FUNCTION_EXISTS=pthread_create    -rdynamic CMakeFiles/cmTC_116e1.dir/CheckFunctionExists.c.o  -o cmTC_116e1  -lpthreads 
/usr/bin/ld: cannot find -lpthreads
collect2: error: ld returned 1 exit status
make[1]: *** [CMakeFiles/cmTC_116e1.dir/build.make:87: cmTC_116e1] Error 1
make[1]: Leaving directory '/home/jebeom/catkin_ws/build/CMakeFiles/CMakeTmp'
make: *** [Makefile:121: cmTC_116e1/fast] Error 2



Performing C SOURCE FILE Test CMAKE_HAVE_LIBC_PTHREAD failed with the following output:
Change Dir: /home/jebeom/rohang23/catkin_ws/build/CMakeFiles/CMakeTmp

Run Build Command(s):/usr/bin/make cmTC_b725a/fast && /usr/bin/make -f CMakeFiles/cmTC_b725a.dir/build.make CMakeFiles/cmTC_b725a.dir/build
make[1]: Entering directory '/home/jebeom/rohang23/catkin_ws/build/CMakeFiles/CMakeTmp'
Building C object CMakeFiles/cmTC_b725a.dir/src.c.o
/usr/bin/cc   -DCMAKE_HAVE_LIBC_PTHREAD   -o CMakeFiles/cmTC_b725a.dir/src.c.o   -c /home/jebeom/rohang23/catkin_ws/build/CMakeFiles/CMakeTmp/src.c
Linking C executable cmTC_b725a
/usr/bin/cmake -E cmake_link_script CMakeFiles/cmTC_b725a.dir/link.txt --verbose=1
/usr/bin/cc  -DCMAKE_HAVE_LIBC_PTHREAD    -rdynamic CMakeFiles/cmTC_b725a.dir/src.c.o  -o cmTC_b725a 
/usr/bin/ld: CMakeFiles/cmTC_b725a.dir/src.c.o: in function `main':
src.c:(.text+0x46): undefined reference to `pthread_create'
/usr/bin/ld: src.c:(.text+0x52): undefined reference to `pthread_detach'
/usr/bin/ld: src.c:(.text+0x63): undefined reference to `pthread_join'
collect2: error: ld returned 1 exit status
make[1]: *** [CMakeFiles/cmTC_b725a.dir/build.make:87: cmTC_b725a] Error 1
make[1]: Leaving directory '/home/jebeom/rohang23/catkin_ws/build/CMakeFiles/CMakeTmp'
make: *** [Makefile:121: cmTC_b725a/fast] Error 2


Source file was:
#include <pthread.h>

void* test_func(void* data)
{
  return data;
}

int main(void)
{
  pthread_t thread;
  pthread_create(&thread, NULL, test_func, NULL);
  pthread_detach(thread);
  pthread_join(thread, NULL);
  pthread_atfork(NULL, NULL, NULL);
  pthread_exit(NULL);

  return 0;
}

Determining if the function pthread_create exists in the pthreads failed with the following output:
Change Dir: /home/jebeom/rohang23/catkin_ws/build/CMakeFiles/CMakeTmp

Run Build Command(s):/usr/bin/make cmTC_fb283/fast && /usr/bin/make -f CMakeFiles/cmTC_fb283.dir/build.make CMakeFiles/cmTC_fb283.dir/build
make[1]: Entering directory '/home/jebeom/rohang23/catkin_ws/build/CMakeFiles/CMakeTmp'
Building C object CMakeFiles/cmTC_fb283.dir/CheckFunctionExists.c.o
/usr/bin/cc   -DCHECK_FUNCTION_EXISTS=pthread_create   -o CMakeFiles/cmTC_fb283.dir/CheckFunctionExists.c.o   -c /usr/share/cmake-3.16/Modules/CheckFunctionExists.c
Linking C executable cmTC_fb283
/usr/bin/cmake -E cmake_link_script CMakeFiles/cmTC_fb283.dir/link.txt --verbose=1
/usr/bin/cc  -DCHECK_FUNCTION_EXISTS=pthread_create    -rdynamic CMakeFiles/cmTC_fb283.dir/CheckFunctionExists.c.o  -o cmTC_fb283  -lpthreads 
/usr/bin/ld: cannot find -lpthreads
collect2: error: ld returned 1 exit status
make[1]: *** [CMakeFiles/cmTC_fb283.dir/build.make:87: cmTC_fb283] Error 1
make[1]: Leaving directory '/home/jebeom/rohang23/catkin_ws/build/CMakeFiles/CMakeTmp'
make: *** [Makefile:121: cmTC_fb283/fast] Error 2



